<?xml version="1.0" encoding="UTF-8"?>
<!-- Generated by org.testng.reporters.JUnitXMLReporter -->
<testsuite ignored="0" hostname="vdi-nsadm4-08" failures="0" tests="9" name="Test" time="89.109" errors="0" timestamp="2023-08-21T11:25:24 IST">
  <testcase classname="com.selenium.testcases.TC_PlaceOrder_001" name="placeOrder" time="1.176"/>
  <testcase classname="com.selenium.testcases.TC_PlaceOrder_001" name="cancelOrderBeforePlace" time="1.167"/>
  <testcase classname="com.selenium.testcases.TC_PlaceOrder_001" name="addAndRemoveProduct" time="1.374"/>
  <testcase classname="com.selenium.testcases.TC_PlaceOrder_001" name="openDocumentation" time="10.952"/>
  <testcase classname="com.selenium.testcases.TC_PlaceOrder_001" name="aboutNewTab" time="0.357"/>
  <testcase classname="com.selenium.testcases.TC_PlaceOrder_001" name="linkDinClick" time="0.235"/>
  <testcase classname="com.selenium.testcases.TC_PlaceOrder_001" name="footerText" time="0.08"/>
  <testcase classname="com.selenium.testcases.TC_PlaceOrder_001" name="leastItem" time="1.4"/>
  <testcase classname="com.selenium.testcases.TC_PlaceOrder_001" name="lowToHigh" time="0.408"/>
</testsuite> <!-- Test -->
